<?xml version="1.0" encoding="UTF-8"?>
<coverage generated="1746069888109" clover="3.2.0">
  <project timestamp="1746069888109" name="All files">
    <metrics statements="37" coveredstatements="29" conditionals="0" coveredconditionals="0" methods="11" coveredmethods="6" elements="48" coveredelements="35" complexity="0" loc="37" ncloc="37" packages="3" files="7" classes="7"/>
    <package name="src">
      <metrics statements="8" coveredstatements="0" conditionals="0" coveredconditionals="0" methods="5" coveredmethods="0"/>
      <file name="App.tsx" path="/Users/itziklerner/dev/ai/aptos/yt2aptos/packages/frontend/src/App.tsx">
        <metrics statements="8" coveredstatements="0" conditionals="0" coveredconditionals="0" methods="5" coveredmethods="0"/>
        <line num="1" count="0" type="stmt"/>
        <line num="2" count="0" type="stmt"/>
        <line num="5" count="0" type="stmt"/>
        <line num="6" count="0" type="stmt"/>
        <line num="9" count="0" type="stmt"/>
        <line num="10" count="0" type="stmt"/>
        <line num="13" count="0" type="stmt"/>
        <line num="26" count="0" type="stmt"/>
      </file>
    </package>
    <package name="src.components">
      <metrics statements="20" coveredstatements="20" conditionals="0" coveredconditionals="0" methods="4" coveredmethods="4"/>
      <file name="Footer.tsx" path="/Users/itziklerner/dev/ai/aptos/yt2aptos/packages/frontend/src/components/Footer.tsx">
        <metrics statements="4" coveredstatements="4" conditionals="0" coveredconditionals="0" methods="1" coveredmethods="1"/>
        <line num="1" count="1" type="stmt"/>
        <line num="3" count="1" type="stmt"/>
        <line num="4" count="5" type="stmt"/>
        <line num="31" count="1" type="stmt"/>
      </file>
      <file name="Header.tsx" path="/Users/itziklerner/dev/ai/aptos/yt2aptos/packages/frontend/src/components/Header.tsx">
        <metrics statements="5" coveredstatements="5" conditionals="0" coveredconditionals="0" methods="1" coveredmethods="1"/>
        <line num="1" count="1" type="stmt"/>
        <line num="2" count="1" type="stmt"/>
        <line num="4" count="1" type="stmt"/>
        <line num="5" count="5" type="stmt"/>
        <line num="65" count="1" type="stmt"/>
      </file>
      <file name="Layout.tsx" path="/Users/itziklerner/dev/ai/aptos/yt2aptos/packages/frontend/src/components/Layout.tsx">
        <metrics statements="7" coveredstatements="7" conditionals="0" coveredconditionals="0" methods="1" coveredmethods="1"/>
        <line num="1" count="1" type="stmt"/>
        <line num="2" count="1" type="stmt"/>
        <line num="3" count="1" type="stmt"/>
        <line num="4" count="1" type="stmt"/>
        <line num="6" count="1" type="stmt"/>
        <line num="7" count="6" type="stmt"/>
        <line num="20" count="1" type="stmt"/>
      </file>
      <file name="LoadingSpinner.tsx" path="/Users/itziklerner/dev/ai/aptos/yt2aptos/packages/frontend/src/components/LoadingSpinner.tsx">
        <metrics statements="4" coveredstatements="4" conditionals="0" coveredconditionals="0" methods="1" coveredmethods="1"/>
        <line num="1" count="1" type="stmt"/>
        <line num="3" count="1" type="stmt"/>
        <line num="4" count="6" type="stmt"/>
        <line num="28" count="1" type="stmt"/>
      </file>
    </package>
    <package name="src.pages">
      <metrics statements="9" coveredstatements="9" conditionals="0" coveredconditionals="0" methods="2" coveredmethods="2"/>
      <file name="Home.tsx" path="/Users/itziklerner/dev/ai/aptos/yt2aptos/packages/frontend/src/pages/Home.tsx">
        <metrics statements="4" coveredstatements="4" conditionals="0" coveredconditionals="0" methods="1" coveredmethods="1"/>
        <line num="1" count="1" type="stmt"/>
        <line num="3" count="1" type="stmt"/>
        <line num="4" count="9" type="stmt"/>
        <line num="133" count="1" type="stmt"/>
      </file>
      <file name="NotFound.tsx" path="/Users/itziklerner/dev/ai/aptos/yt2aptos/packages/frontend/src/pages/NotFound.tsx">
        <metrics statements="5" coveredstatements="5" conditionals="0" coveredconditionals="0" methods="1" coveredmethods="1"/>
        <line num="1" count="1" type="stmt"/>
        <line num="2" count="1" type="stmt"/>
        <line num="4" count="1" type="stmt"/>
        <line num="5" count="9" type="stmt"/>
        <line num="65" count="1" type="stmt"/>
      </file>
    </package>
  </project>
</coverage>
