TN:
SF:src/config/app.ts
FN:15,configureApp
FN:43,(anonymous_2)
FNF:2
FNH:0
FNDA:0,configureApp
FNDA:0,(anonymous_2)
DA:1,0
DA:2,0
DA:3,0
DA:4,0
DA:5,0
DA:6,0
DA:7,0
DA:8,0
DA:9,0
DA:15,0
DA:16,0
DA:19,0
DA:20,0
DA:21,0
DA:26,0
DA:27,0
DA:30,0
DA:38,0
DA:39,0
DA:43,0
DA:44,0
DA:48,0
DA:49,0
DA:51,0
LF:24
LH:0
BRDA:30,0,0,0
BRDA:30,0,1,0
BRDA:38,1,0,0
BRF:3
BRH:0
end_of_record
TN:
SF:src/config/database.ts
FN:8,connectDatabase
FN:20,(anonymous_2)
FN:24,(anonymous_3)
FN:29,(anonymous_4)
FN:45,maskUri
FNF:5
FNH:5
FNDA:7,connectDatabase
FNDA:1,(anonymous_2)
FNDA:1,(anonymous_3)
FNDA:1,(anonymous_4)
FNDA:7,maskUri
DA:1,1
DA:2,1
DA:3,1
DA:8,1
DA:9,7
DA:11,7
DA:14,7
DA:15,7
DA:17,6
DA:20,6
DA:21,1
DA:24,6
DA:25,1
DA:29,6
DA:30,1
DA:31,1
DA:32,1
DA:35,6
DA:37,1
DA:38,1
DA:46,7
DA:47,7
DA:50,7
DA:51,1
DA:57,6
DA:60,0
LF:26
LH:25
BRDA:50,0,0,1
BRDA:50,1,0,7
BRDA:50,1,1,6
BRF:3
BRH:3
end_of_record
TN:
SF:src/middleware/error-handler.middleware.ts
FN:9,(anonymous_0)
FN:19,(anonymous_1)
FN:25,(anonymous_2)
FN:31,(anonymous_3)
FN:37,(anonymous_4)
FN:43,(anonymous_5)
FN:51,(anonymous_6)
FN:120,(anonymous_7)
FNF:8
FNH:8
FNDA:9,(anonymous_0)
FNDA:2,(anonymous_1)
FNDA:3,(anonymous_2)
FNDA:1,(anonymous_3)
FNDA:1,(anonymous_4)
FNDA:1,(anonymous_5)
FNDA:8,(anonymous_6)
FNDA:1,(anonymous_7)
DA:2,1
DA:5,1
DA:10,9
DA:11,9
DA:12,9
DA:13,9
DA:18,1
DA:20,2
DA:24,1
DA:26,3
DA:30,1
DA:32,1
DA:36,1
DA:38,1
DA:42,1
DA:44,1
DA:51,1
DA:59,8
DA:60,8
DA:61,8
DA:62,8
DA:65,8
DA:66,2
DA:67,2
DA:68,2
DA:69,6
DA:71,1
DA:72,1
DA:73,1
DA:74,1
DA:75,5
DA:77,1
DA:78,1
DA:79,1
DA:80,1
DA:81,4
DA:83,1
DA:84,1
DA:85,1
DA:86,1
DA:87,3
DA:89,1
DA:90,1
DA:91,1
DA:92,2
DA:94,1
DA:95,1
DA:96,1
DA:100,8
DA:101,1
DA:103,7
DA:107,8
DA:120,1
DA:121,1
LF:54
LH:54
BRDA:9,0,0,8
BRDA:19,1,0,0
BRDA:25,2,0,1
BRDA:31,3,0,1
BRDA:37,4,0,1
BRDA:43,5,0,1
BRDA:65,6,0,2
BRDA:65,6,1,6
BRDA:69,7,0,1
BRDA:69,7,1,5
BRDA:75,8,0,1
BRDA:75,8,1,4
BRDA:81,9,0,1
BRDA:81,9,1,3
BRDA:81,10,0,4
BRDA:81,10,1,1
BRDA:87,11,0,1
BRDA:87,11,1,2
BRDA:92,12,0,1
BRDA:100,13,0,1
BRDA:100,13,1,7
BRDA:111,14,0,8
BRDA:111,14,1,7
BRDA:112,15,0,8
BRDA:112,15,1,7
BRF:25
BRH:24
end_of_record
TN:
SF:src/models/base.model.ts
FN:18,(anonymous_0)
FN:27,(anonymous_1)
FN:42,createSchema
FNF:3
FNH:1
FNDA:0,(anonymous_0)
FNDA:0,(anonymous_1)
FNDA:14,createSchema
DA:1,5
DA:14,5
DA:19,0
DA:20,0
DA:21,0
DA:22,0
DA:28,0
DA:29,0
DA:30,0
DA:31,0
DA:42,5
DA:46,14
LF:12
LH:4
BRF:0
BRH:0
end_of_record
TN:
SF:src/models/channel.model.ts
FNF:0
FNH:0
DA:1,4
DA:2,4
DA:26,4
DA:79,4
DA:80,4
DA:81,4
DA:86,4
LF:7
LH:7
BRF:0
BRH:0
end_of_record
TN:
SF:src/models/download-job.model.ts
FNF:0
FNH:0
DA:1,1
DA:2,1
DA:37,1
DA:96,1
DA:97,1
DA:98,1
DA:99,1
DA:104,1
LF:8
LH:8
BRF:0
BRH:0
end_of_record
TN:
SF:src/models/playlist.model.ts
FNF:0
FNH:0
DA:1,2
DA:2,2
DA:24,2
DA:75,2
DA:76,2
DA:77,2
DA:82,2
LF:7
LH:7
BRF:0
BRH:0
end_of_record
TN:
SF:src/models/user.model.ts
FN:108,(anonymous_1)
FN:116,(anonymous_2)
FN:123,(anonymous_3)
FNF:3
FNH:1
FNDA:1,(anonymous_1)
FNDA:0,(anonymous_2)
FNDA:0,(anonymous_3)
DA:1,5
DA:2,5
DA:45,5
DA:107,5
DA:110,1
DA:111,1
DA:112,1
DA:116,5
DA:117,0
DA:118,0
DA:119,0
DA:120,0
DA:123,5
DA:124,0
DA:125,0
DA:126,0
DA:127,0
DA:133,5
DA:138,5
LF:19
LH:11
BRF:0
BRH:0
end_of_record
TN:
SF:src/models/video.model.ts
FNF:0
FNH:0
DA:1,2
DA:2,2
DA:36,2
DA:125,2
DA:126,2
DA:127,2
DA:128,2
DA:133,2
LF:8
LH:8
BRF:0
BRH:0
end_of_record
TN:
SF:src/services/storage.service.ts
FN:22,(anonymous_1)
FN:38,(anonymous_2)
FN:46,(anonymous_3)
FN:56,(anonymous_4)
FN:70,(anonymous_5)
FN:84,(anonymous_6)
FN:97,(anonymous_7)
FN:110,(anonymous_8)
FN:124,(anonymous_9)
FN:138,(anonymous_10)
FN:152,(anonymous_11)
FN:167,(anonymous_12)
FN:182,(anonymous_13)
FN:194,(anonymous_14)
FN:207,(anonymous_15)
FN:222,(anonymous_16)
FNF:16
FNH:0
FNDA:0,(anonymous_1)
FNDA:0,(anonymous_2)
FNDA:0,(anonymous_3)
FNDA:0,(anonymous_4)
FNDA:0,(anonymous_5)
FNDA:0,(anonymous_6)
FNDA:0,(anonymous_7)
FNDA:0,(anonymous_8)
FNDA:0,(anonymous_9)
FNDA:0,(anonymous_10)
FNDA:0,(anonymous_11)
FNDA:0,(anonymous_12)
FNDA:0,(anonymous_13)
FNDA:0,(anonymous_14)
FNDA:0,(anonymous_15)
FNDA:0,(anonymous_16)
DA:1,0
DA:8,0
DA:10,0
DA:11,0
DA:16,0
DA:23,0
DA:31,0
DA:32,0
DA:39,0
DA:47,0
DA:48,0
DA:57,0
DA:58,0
DA:60,0
DA:61,0
DA:71,0
DA:72,0
DA:74,0
DA:75,0
DA:85,0
DA:86,0
DA:88,0
DA:89,0
DA:98,0
DA:99,0
DA:101,0
DA:102,0
DA:111,0
DA:112,0
DA:114,0
DA:115,0
DA:125,0
DA:126,0
DA:128,0
DA:129,0
DA:139,0
DA:140,0
DA:142,0
DA:143,0
DA:153,0
DA:154,0
DA:156,0
DA:157,0
DA:168,0
DA:169,0
DA:171,0
DA:172,0
DA:183,0
DA:184,0
DA:195,0
DA:196,0
DA:213,0
DA:214,0
DA:224,0
DA:232,0
DA:233,0
DA:236,0
DA:241,0
LF:58
LH:0
BRDA:232,0,0,0
BRDA:236,1,0,0
BRDA:236,1,1,0
BRF:3
BRH:0
end_of_record
TN:
SF:src/utils/logger.ts
FN:16,(anonymous_1)
FN:50,(anonymous_2)
FN:51,(anonymous_3)
FN:58,(anonymous_4)
FN:59,(anonymous_5)
FN:63,(anonymous_6)
FNF:6
FNH:0
FNDA:0,(anonymous_1)
FNDA:0,(anonymous_2)
FNDA:0,(anonymous_3)
FNDA:0,(anonymous_4)
FNDA:0,(anonymous_5)
FNDA:0,(anonymous_6)
DA:1,0
DA:2,0
DA:3,0
DA:4,0
DA:7,0
DA:8,0
DA:9,0
DA:13,0
DA:17,0
DA:22,0
DA:30,0
DA:38,0
DA:50,0
DA:51,0
DA:52,0
DA:53,0
DA:55,0
DA:58,0
DA:59,0
DA:62,0
DA:64,0
LF:21
LH:0
BRDA:8,0,0,0
BRDA:17,1,0,0
BRDA:17,1,1,0
BRDA:52,2,0,0
BRDA:52,2,1,0
BRF:5
BRH:0
end_of_record
