TN:
SF:src/storage/provider.factory.test.ts
FN:5,(anonymous_0)
FN:8,(anonymous_1)
FN:24,(anonymous_2)
FN:32,(anonymous_3)
FN:33,(anonymous_4)
FN:46,(anonymous_5)
FN:47,(anonymous_6)
FN:59,(anonymous_7)
FN:62,(anonymous_8)
FN:68,(anonymous_9)
FN:69,(anonymous_10)
FNF:11
FNH:0
FNDA:0,(anonymous_0)
FNDA:0,(anonymous_1)
FNDA:0,(anonymous_2)
FNDA:0,(anonymous_3)
FNDA:0,(anonymous_4)
FNDA:0,(anonymous_5)
FNDA:0,(anonymous_6)
FNDA:0,(anonymous_7)
FNDA:0,(anonymous_8)
FNDA:0,(anonymous_9)
FNDA:0,(anonymous_10)
DA:1,0
DA:2,0
DA:5,0
DA:8,0
DA:9,0
DA:10,0
DA:11,0
DA:12,0
DA:13,0
DA:14,0
DA:15,0
DA:16,0
DA:17,0
DA:18,0
DA:19,0
DA:20,0
DA:21,0
DA:24,0
DA:27,0
DA:32,0
DA:33,0
DA:35,0
DA:38,0
DA:39,0
DA:42,0
DA:46,0
DA:47,0
DA:48,0
DA:54,0
DA:56,0
DA:59,0
DA:60,0
DA:62,0
DA:63,0
DA:68,0
DA:69,0
DA:70,0
DA:76,0
DA:78,0
LF:39
LH:0
BRF:0
BRH:0
end_of_record
TN:
SF:src/storage/provider.factory.ts
FN:21,(anonymous_0)
FN:30,(anonymous_1)
FN:46,(anonymous_2)
FNF:3
FNH:0
FNDA:0,(anonymous_0)
FNDA:0,(anonymous_1)
FNDA:0,(anonymous_2)
DA:3,0
DA:8,0
DA:12,0
DA:22,0
DA:31,0
DA:33,0
DA:34,0
DA:35,0
DA:38,0
DA:47,0
LF:10
LH:0
BRDA:34,0,0,0
BRF:1
BRH:0
end_of_record
TN:
SF:src/storage/providers/local-file-system.provider.ts
FN:32,(anonymous_1)
FN:45,(anonymous_2)
FN:55,(anonymous_3)
FN:65,(anonymous_4)
FN:74,(anonymous_5)
FN:76,(anonymous_6)
FN:79,(anonymous_7)
FN:82,(anonymous_8)
FN:94,(anonymous_9)
FN:104,(anonymous_10)
FN:114,(anonymous_11)
FN:116,(anonymous_12)
FN:126,(anonymous_13)
FN:136,(anonymous_14)
FN:150,(anonymous_15)
FN:160,(anonymous_16)
FN:177,(anonymous_17)
FN:191,(anonymous_18)
FN:210,(anonymous_19)
FN:228,(anonymous_20)
FN:246,(anonymous_21)
FN:264,(anonymous_22)
FN:274,(anonymous_23)
FNF:23
FNH:21
FNDA:31,(anonymous_1)
FNDA:33,(anonymous_2)
FNDA:4,(anonymous_3)
FNDA:3,(anonymous_4)
FNDA:2,(anonymous_5)
FNDA:0,(anonymous_6)
FNDA:1,(anonymous_7)
FNDA:1,(anonymous_8)
FNDA:5,(anonymous_9)
FNDA:1,(anonymous_10)
FNDA:1,(anonymous_11)
FNDA:0,(anonymous_12)
FNDA:1,(anonymous_13)
FNDA:2,(anonymous_14)
FNDA:1,(anonymous_15)
FNDA:3,(anonymous_16)
FNDA:3,(anonymous_17)
FNDA:7,(anonymous_18)
FNDA:2,(anonymous_19)
FNDA:12,(anonymous_20)
FNDA:6,(anonymous_21)
FNDA:6,(anonymous_22)
FNDA:6,(anonymous_23)
DA:1,2
DA:2,2
DA:24,2
DA:32,31
DA:33,31
DA:34,31
DA:37,31
DA:47,33
DA:48,33
DA:56,4
DA:57,4
DA:66,3
DA:67,3
DA:69,3
DA:70,1
DA:73,2
DA:74,2
DA:75,2
DA:76,2
DA:77,0
DA:79,2
DA:80,1
DA:82,2
DA:83,1
DA:95,5
DA:96,5
DA:105,1
DA:106,1
DA:115,1
DA:116,1
DA:117,0
DA:119,1
DA:127,1
DA:128,1
DA:137,2
DA:138,2
DA:139,2
DA:140,1
DA:142,1
DA:151,1
DA:152,1
DA:161,3
DA:162,3
DA:163,3
DA:165,2
DA:166,1
DA:168,1
DA:178,3
DA:179,3
DA:180,1
DA:182,2
DA:192,7
DA:193,7
DA:195,6
DA:212,2
DA:214,2
DA:215,1
DA:216,1
DA:229,12
DA:230,1
DA:234,11
DA:237,11
DA:251,6
DA:252,6
DA:254,6
DA:265,6
DA:266,6
DA:275,6
DA:278,6
DA:296,6
LF:70
LH:68
BRDA:34,0,0,31
BRDA:34,0,1,1
BRDA:69,1,0,1
BRDA:69,1,1,2
BRDA:165,2,0,1
BRDA:179,3,0,1
BRDA:179,3,1,2
BRDA:214,4,0,1
BRDA:229,5,0,1
BRDA:296,6,0,6
BRDA:296,6,1,1
BRF:11
BRH:11
end_of_record
